[2023-05-25 15:40:22] production.ERROR: file_get_contents(/home/seekerx/projekty/laravel-blog-start/.env): Failed to open stream: No such file or directory {"exception":"[object] (ErrorException(code: 0): file_get_contents(/home/seekerx/projekty/laravel-blog-start/.env): Failed to open stream: No such file or directory at /home/seekerx/projekty/laravel-blog-start/vendor/laravel/sail/src/Console/Concerns/InteractsWithDockerComposeServices.php:109)
[stacktrace]
#0 /home/seekerx/projekty/laravel-blog-start/vendor/laravel/framework/src/Illuminate/Foundation/Bootstrap/HandleExceptions.php(270): Illuminate\\Foundation\\Bootstrap\\HandleExceptions->handleError()
#1 [internal function]: Illuminate\\Foundation\\Bootstrap\\HandleExceptions->Illuminate\\Foundation\\Bootstrap\\{closure}()
#2 /home/seekerx/projekty/laravel-blog-start/vendor/laravel/sail/src/Console/Concerns/InteractsWithDockerComposeServices.php(109): file_get_contents()
#3 /home/seekerx/projekty/laravel-blog-start/vendor/laravel/sail/src/Console/AddCommand.php(50): Laravel\\Sail\\Console\\AddCommand->replaceEnvVariables()
#4 /home/seekerx/projekty/laravel-blog-start/vendor/laravel/framework/src/Illuminate/Container/BoundMethod.php(36): Laravel\\Sail\\Console\\AddCommand->handle()
#5 /home/seekerx/projekty/laravel-blog-start/vendor/laravel/framework/src/Illuminate/Container/Util.php(41): Illuminate\\Container\\BoundMethod::Illuminate\\Container\\{closure}()
#6 /home/seekerx/projekty/laravel-blog-start/vendor/laravel/framework/src/Illuminate/Container/BoundMethod.php(93): Illuminate\\Container\\Util::unwrapIfClosure()
#7 /home/seekerx/projekty/laravel-blog-start/vendor/laravel/framework/src/Illuminate/Container/BoundMethod.php(37): Illuminate\\Container\\BoundMethod::callBoundMethod()
#8 /home/seekerx/projekty/laravel-blog-start/vendor/laravel/framework/src/Illuminate/Container/Container.php(661): Illuminate\\Container\\BoundMethod::call()
#9 /home/seekerx/projekty/laravel-blog-start/vendor/laravel/framework/src/Illuminate/Console/Command.php(183): Illuminate\\Container\\Container->call()
#10 /home/seekerx/projekty/laravel-blog-start/vendor/symfony/console/Command/Command.php(312): Illuminate\\Console\\Command->execute()
#11 /home/seekerx/projekty/laravel-blog-start/vendor/laravel/framework/src/Illuminate/Console/Command.php(153): Symfony\\Component\\Console\\Command\\Command->run()
#12 /home/seekerx/projekty/laravel-blog-start/vendor/symfony/console/Application.php(1022): Illuminate\\Console\\Command->run()
#13 /home/seekerx/projekty/laravel-blog-start/vendor/symfony/console/Application.php(314): Symfony\\Component\\Console\\Application->doRunCommand()
#14 /home/seekerx/projekty/laravel-blog-start/vendor/symfony/console/Application.php(168): Symfony\\Component\\Console\\Application->doRun()
#15 /home/seekerx/projekty/laravel-blog-start/vendor/laravel/framework/src/Illuminate/Console/Application.php(102): Symfony\\Component\\Console\\Application->run()
#16 /home/seekerx/projekty/laravel-blog-start/vendor/laravel/framework/src/Illuminate/Foundation/Console/Kernel.php(155): Illuminate\\Console\\Application->run()
#17 /home/seekerx/projekty/laravel-blog-start/artisan(37): Illuminate\\Foundation\\Console\\Kernel->handle()
#18 {main}
"} 
